[debug] [2024-01-17T15:24:15.346Z] ----------------------------------------------------------------------
[debug] [2024-01-17T15:24:15.348Z] Command:       D:\Program Files\nodejs\node.exe C:\Users\molna\AppData\Roaming\npm\node_modules\firebase-tools\lib\bin\firebase.js init
[debug] [2024-01-17T15:24:15.349Z] CLI Version:   13.0.3
[debug] [2024-01-17T15:24:15.349Z] Platform:      win32
[debug] [2024-01-17T15:24:15.349Z] Node Version:  v18.12.1
[debug] [2024-01-17T15:24:15.350Z] Time:          Wed Jan 17 2024 16:24:15 GMT+0100 (közép-európai téli idő)
[debug] [2024-01-17T15:24:15.351Z] ----------------------------------------------------------------------
[debug] 
[debug] [2024-01-17T15:24:15.359Z] > command requires scopes: ["email","openid","https://www.googleapis.com/auth/cloudplatformprojects.readonly","https://www.googleapis.com/auth/firebase","https://www.googleapis.com/auth/cloud-platform"]
[debug] [2024-01-17T15:24:15.360Z] > authorizing via signed-in user (molnarbalazsnandor@gmail.com)
[info] 
     ######## #### ########  ######## ########     ###     ######  ########
     ##        ##  ##     ## ##       ##     ##  ##   ##  ##       ##
     ######    ##  ########  ######   ########  #########  ######  ######
     ##        ##  ##    ##  ##       ##     ## ##     ##       ## ##
     ##       #### ##     ## ######## ########  ##     ##  ######  ########

You're about to initialize a Firebase project in this directory:

  E:\Dokumentumok\Programozás\saját projektek\m-n-k-game-tic-tac-toe-HM-EI\mnk-game

[info] 
=== Project Setup
[info] 
[info] First, let's associate this project directory with a Firebase project.
[info] You can create multiple project aliases by running firebase use --add, 
[info] but for now we'll just set up a default project.
[info] 
[debug] [2024-01-17T15:24:24.150Z] > refreshing access token with scopes: []
[debug] [2024-01-17T15:24:24.152Z] >>> [apiv2][query] POST https://www.googleapis.com/oauth2/v3/token [none]
[debug] [2024-01-17T15:24:24.152Z] >>> [apiv2][body] POST https://www.googleapis.com/oauth2/v3/token [omitted]
[debug] [2024-01-17T15:24:24.325Z] <<< [apiv2][status] POST https://www.googleapis.com/oauth2/v3/token 200
[debug] [2024-01-17T15:24:24.325Z] <<< [apiv2][body] POST https://www.googleapis.com/oauth2/v3/token [omitted]
[debug] [2024-01-17T15:24:24.349Z] >>> [apiv2][query] GET https://firebase.googleapis.com/v1beta1/projects pageSize=100
[debug] [2024-01-17T15:24:24.753Z] <<< [apiv2][status] GET https://firebase.googleapis.com/v1beta1/projects 200
[debug] [2024-01-17T15:24:24.753Z] <<< [apiv2][body] GET https://firebase.googleapis.com/v1beta1/projects [omitted]
[info] i  Using project m-n-k-game-tic-tac-toe-hm-ei (m-n-k-game-tic-tac-toe-HM-EI) 
[info] 
=== Hosting Setup
[debug] [2024-01-17T15:24:26.405Z] >>> [apiv2][query] GET https://firebase.googleapis.com/v1beta1/projects/m-n-k-game-tic-tac-toe-hm-ei [none]
[debug] [2024-01-17T15:24:26.639Z] <<< [apiv2][status] GET https://firebase.googleapis.com/v1beta1/projects/m-n-k-game-tic-tac-toe-hm-ei 200
[debug] [2024-01-17T15:24:26.639Z] <<< [apiv2][body] GET https://firebase.googleapis.com/v1beta1/projects/m-n-k-game-tic-tac-toe-hm-ei {"projectId":"m-n-k-game-tic-tac-toe-hm-ei","projectNumber":"649080408929","displayName":"m-n-k-game-tic-tac-toe-HM-EI","name":"projects/m-n-k-game-tic-tac-toe-hm-ei","resources":{"hostingSite":"m-n-k-game-tic-tac-toe-hm-ei"},"state":"ACTIVE","etag":"1_5f98d3a7-7165-4540-867a-eedb8905b765"}
[info] 
[info] Your public directory is the folder (relative to your project directory) that
[info] will contain Hosting assets to be uploaded with firebase deploy. If you
[info] have a build process for your assets, use your build's output directory.
[info] 
[debug] [2024-01-17T15:24:34.827Z] >>> [apiv2][query] GET https://www.gstatic.com/firebasejs/releases.json [none]
[debug] [2024-01-17T15:24:34.890Z] <<< [apiv2][status] GET https://www.gstatic.com/firebasejs/releases.json 200
[debug] [2024-01-17T15:24:34.891Z] <<< [apiv2][body] GET https://www.gstatic.com/firebasejs/releases.json {"current":{"version":"10.7.1","browserURL":"https://www.gstatic.com/firebasejs/10.7.1/firebase.js","packageURL":"https://www.gstatic.com/firebasejs/10.7.1/firebase.tgz"},"live":{"version":"10.7","browserURL":"https://www.gstatic.com/firebasejs/live/10.7/firebase.js","packageURL":"https://www.gstatic.com/firebasejs/live/10.7/firebase.tgz"},"components":{"analytics":"https://www.gstatic.com/firebasejs/10.7.1/firebase-analytics.js","app":"https://www.gstatic.com/firebasejs/10.7.1/firebase-app.js","app-check":"https://www.gstatic.com/firebasejs/10.7.1/firebase-app-check.js","auth":"https://www.gstatic.com/firebasejs/10.7.1/firebase-auth.js","auth/cordova":"https://www.gstatic.com/firebasejs/10.7.1/firebase-auth/cordova.js","functions":"https://www.gstatic.com/firebasejs/10.7.1/firebase-functions.js","firestore":"https://www.gstatic.com/firebasejs/10.7.1/firebase-firestore.js","firestore/lite":"https://www.gstatic.com/firebasejs/10.7.1/firebase-firestore/lite.js","installations":"https://www.gstatic.com/firebasejs/10.7.1/firebase-installations.js","storage":"https://www.gstatic.com/firebasejs/10.7.1/firebase-storage.js","performance":"https://www.gstatic.com/firebasejs/10.7.1/firebase-performance.js","remote-config":"https://www.gstatic.com/firebasejs/10.7.1/firebase-remote-config.js","messaging":"https://www.gstatic.com/firebasejs/10.7.1/firebase-messaging.js","messaging/sw":"https://www.gstatic.com/firebasejs/10.7.1/firebase-messaging/sw.js","database":"https://www.gstatic.com/firebasejs/10.7.1/firebase-database.js","firestore.memory":"https://www.gstatic.com/firebasejs/10.7.1/firebase-firestore.memory.js"}}
[info] i  Skipping write of build/index.html 
[info] 
[info] i  Detected a .git folder at E:\Dokumentumok\Programozás\saját projektek\m-n-k-game-tic-tac-toe-HM-EI 
[info] i  Authorizing with GitHub to upload your service account to a GitHub repository's secrets store. 
[info] 
[info] Visit this URL on this device to log in:
[info] https://github.com/login/oauth/authorize?client_id=89cf50f02ac6aaed3484&state=1001917104&redirect_uri=http%3A%2F%2Flocalhost%3A9005&scope=read%3Auser%20repo%20public_repo
[info] 
[info] Waiting for authentication...
[debug] [2024-01-17T15:24:38.185Z] >>> [apiv2][query] POST https://github.com/login/oauth/access_token [none]
[debug] [2024-01-17T15:24:38.185Z] >>> [apiv2][body] POST https://github.com/login/oauth/access_token [stream]
[debug] [2024-01-17T15:24:38.460Z] <<< [apiv2][status] POST https://github.com/login/oauth/access_token 200
[debug] [2024-01-17T15:24:38.460Z] <<< [apiv2][body] POST https://github.com/login/oauth/access_token {"access_token":"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","token_type":"bearer","scope":"read:user,repo"}
[debug] [2024-01-17T15:24:38.479Z] >>> [apiv2][query] GET https://api.github.com/user [none]
[debug] [2024-01-17T15:24:38.793Z] <<< [apiv2][status] GET https://api.github.com/user 200
[debug] [2024-01-17T15:24:38.794Z] <<< [apiv2][body] GET https://api.github.com/user {"login":"molnarbalazsnandor","id":112389053,"node_id":"U_kgDOBrLrvQ","avatar_url":"https://avatars.githubusercontent.com/u/112389053?v=4","gravatar_id":"","url":"https://api.github.com/users/molnarbalazsnandor","html_url":"https://github.com/molnarbalazsnandor","followers_url":"https://api.github.com/users/molnarbalazsnandor/followers","following_url":"https://api.github.com/users/molnarbalazsnandor/following{/other_user}","gists_url":"https://api.github.com/users/molnarbalazsnandor/gists{/gist_id}","starred_url":"https://api.github.com/users/molnarbalazsnandor/starred{/owner}{/repo}","subscriptions_url":"https://api.github.com/users/molnarbalazsnandor/subscriptions","organizations_url":"https://api.github.com/users/molnarbalazsnandor/orgs","repos_url":"https://api.github.com/users/molnarbalazsnandor/repos","events_url":"https://api.github.com/users/molnarbalazsnandor/events{/privacy}","received_events_url":"https://api.github.com/users/molnarbalazsnandor/received_events","type":"User","site_admin":false,"name":null,"company":null,"blog":"","location":null,"email":null,"hireable":null,"bio":null,"twitter_username":null,"public_repos":6,"public_gists":0,"followers":0,"following":0,"created_at":"2022-08-29T10:05:59Z","updated_at":"2024-01-03T09:53:29Z","private_gists":0,"total_private_repos":31,"owned_private_repos":31,"disk_usage":57985,"collaborators":1,"two_factor_authentication":false,"plan":{"name":"free","space":976562499,"collaborators":0,"private_repos":10000}}
[info] 
[info] +  Success! Logged into GitHub as molnarbalazsnandor 
[info] 
[debug] [2024-01-17T15:25:26.416Z] >>> [apiv2][query] GET https://api.github.com/repos/molnarbalazsnandor/mnk-game-tic-tac-toe-HM-EI/actions/secrets/public-key type=owner
[debug] [2024-01-17T15:25:26.646Z] <<< [apiv2][status] GET https://api.github.com/repos/molnarbalazsnandor/mnk-game-tic-tac-toe-HM-EI/actions/secrets/public-key 404
[debug] [2024-01-17T15:25:26.646Z] <<< [apiv2][body] GET https://api.github.com/repos/molnarbalazsnandor/mnk-game-tic-tac-toe-HM-EI/actions/secrets/public-key {"message":"Not Found","documentation_url":"https://docs.github.com/rest/actions/secrets#get-a-repository-public-key"}
[info] 
[info] 
[error] !  The provided authorization cannot be used with this repository. If this repository is in an organization, did you remember to grant access? 
[info] 
[info] i  Action required: Visit this URL to ensure access has been granted to the appropriate organization(s) for the Firebase CLI GitHub OAuth App: 
[info] https://github.com/settings/connections/applications/89cf50f02ac6aaed3484
[info] 
[debug] [2024-01-17T15:25:48.682Z] >>> [apiv2][query] GET https://api.github.com/repos/molnarbalazsnandor/mnk-game-tic-tac-toe-HM-EI/actions/secrets/public-key type=owner
[debug] [2024-01-17T15:25:48.921Z] <<< [apiv2][status] GET https://api.github.com/repos/molnarbalazsnandor/mnk-game-tic-tac-toe-HM-EI/actions/secrets/public-key 404
[debug] [2024-01-17T15:25:48.921Z] <<< [apiv2][body] GET https://api.github.com/repos/molnarbalazsnandor/mnk-game-tic-tac-toe-HM-EI/actions/secrets/public-key {"message":"Not Found","documentation_url":"https://docs.github.com/rest/actions/secrets#get-a-repository-public-key"}
[info] 
[info] 
[error] !  The provided authorization cannot be used with this repository. If this repository is in an organization, did you remember to grant access? 
[info] 
[info] i  Action required: Visit this URL to ensure access has been granted to the appropriate organization(s) for the Firebase CLI GitHub OAuth App: 
[info] https://github.com/settings/connections/applications/89cf50f02ac6aaed3484
[info] 
